2022-10-10 02:16:31 [WARN ] com.zaxxer.hikari.pool.HikariPool - HikariPool-1 - Thread starvation or clock leap detected (housekeeper delta=2h26m16s900ms721µs300ns).
2022-10-10 02:16:31 [DEBUG] com.zaxxer.hikari.pool.HikariPool - HikariPool-1 - Pool stats (total=10, active=0, idle=10, waiting=0)
2022-10-10 02:16:31 [DEBUG] com.zaxxer.hikari.pool.HikariPool - HikariPool-1 - Fill pool skipped, pool is at sufficient level.
2022-10-10 02:16:32 [DEBUG] com.zaxxer.hikari.pool.HikariPool - HikariPool-1 - Add connection elided, waiting 0, queue 1
2022-10-10 02:16:32 [DEBUG] com.zaxxer.hikari.pool.HikariPool - HikariPool-1 - Add connection elided, waiting 0, queue 1
2022-10-10 02:16:32 [DEBUG] com.zaxxer.hikari.pool.HikariPool - HikariPool-1 - Add connection elided, waiting 0, queue 1
2022-10-10 02:16:32 [DEBUG] com.zaxxer.hikari.pool.HikariPool - HikariPool-1 - Add connection elided, waiting 0, queue 1
2022-10-10 02:16:32 [DEBUG] com.zaxxer.hikari.pool.HikariPool - HikariPool-1 - Add connection elided, waiting 0, queue 1
2022-10-10 02:16:32 [DEBUG] com.zaxxer.hikari.pool.HikariPool - HikariPool-1 - Add connection elided, waiting 0, queue 1
2022-10-10 02:16:32 [DEBUG] com.zaxxer.hikari.pool.HikariPool - HikariPool-1 - Add connection elided, waiting 0, queue 1
2022-10-10 02:16:32 [DEBUG] com.zaxxer.hikari.pool.HikariPool - HikariPool-1 - Add connection elided, waiting 0, queue 1
2022-10-10 02:16:32 [DEBUG] com.zaxxer.hikari.pool.PoolBase - HikariPool-1 - Closing connection net.sf.log4jdbc.sql.jdbcapi.ConnectionSpy@7f1e2fc5: (connection has passed maxLifetime)
2022-10-10 02:16:32 [DEBUG] com.zaxxer.hikari.pool.PoolBase - HikariPool-1 - Closing connection net.sf.log4jdbc.sql.jdbcapi.ConnectionSpy@3fa1c557: (connection has passed maxLifetime)
2022-10-10 02:16:32 [DEBUG] com.zaxxer.hikari.pool.HikariPool - HikariPool-1 - Fill pool skipped, pool is at sufficient level.
2022-10-10 02:16:32 [DEBUG] com.zaxxer.hikari.pool.PoolBase - HikariPool-1 - Closing connection net.sf.log4jdbc.sql.jdbcapi.ConnectionSpy@7b6c45b4: (connection has passed maxLifetime)
2022-10-10 02:16:32 [DEBUG] com.zaxxer.hikari.pool.HikariPool - HikariPool-1 - Fill pool skipped, pool is at sufficient level.
2022-10-10 02:16:32 [DEBUG] com.zaxxer.hikari.pool.PoolBase - HikariPool-1 - Closing connection net.sf.log4jdbc.sql.jdbcapi.ConnectionSpy@7d2d2239: (connection has passed maxLifetime)
2022-10-10 02:16:32 [DEBUG] com.zaxxer.hikari.pool.HikariPool - HikariPool-1 - Fill pool skipped, pool is at sufficient level.
2022-10-10 02:16:32 [DEBUG] com.zaxxer.hikari.pool.PoolBase - HikariPool-1 - Closing connection net.sf.log4jdbc.sql.jdbcapi.ConnectionSpy@4f2fdaa1: (connection has passed maxLifetime)
2022-10-10 02:16:32 [DEBUG] com.zaxxer.hikari.pool.HikariPool - HikariPool-1 - Fill pool skipped, pool is at sufficient level.
2022-10-10 02:16:32 [DEBUG] com.zaxxer.hikari.pool.PoolBase - HikariPool-1 - Closing connection net.sf.log4jdbc.sql.jdbcapi.ConnectionSpy@3e7dd80: (connection has passed maxLifetime)
2022-10-10 02:16:32 [DEBUG] com.zaxxer.hikari.pool.HikariPool - HikariPool-1 - Fill pool skipped, pool is at sufficient level.
2022-10-10 02:16:32 [DEBUG] com.zaxxer.hikari.pool.PoolBase - HikariPool-1 - Closing connection net.sf.log4jdbc.sql.jdbcapi.ConnectionSpy@e12d09a: (connection has passed maxLifetime)
2022-10-10 02:16:32 [DEBUG] com.zaxxer.hikari.pool.HikariPool - HikariPool-1 - Fill pool skipped, pool is at sufficient level.
2022-10-10 02:16:32 [DEBUG] com.zaxxer.hikari.pool.PoolBase - HikariPool-1 - Closing connection net.sf.log4jdbc.sql.jdbcapi.ConnectionSpy@52b6f89c: (connection has passed maxLifetime)
2022-10-10 02:16:37 [DEBUG] com.zaxxer.hikari.pool.HikariPool - HikariPool-1 - Fill pool skipped, pool is at sufficient level.
2022-10-10 02:16:37 [DEBUG] com.zaxxer.hikari.pool.PoolBase - HikariPool-1 - Closing connection net.sf.log4jdbc.sql.jdbcapi.ConnectionSpy@22d205d5: (connection has passed maxLifetime)
2022-10-10 02:16:37 [DEBUG] com.zaxxer.hikari.pool.HikariPool - HikariPool-1 - Fill pool skipped, pool is at sufficient level.
2022-10-10 02:16:37 [DEBUG] com.zaxxer.hikari.pool.PoolBase - HikariPool-1 - Closing connection net.sf.log4jdbc.sql.jdbcapi.ConnectionSpy@138bf2a7: (connection has passed maxLifetime)
2022-10-10 02:16:38 [DEBUG] com.zaxxer.hikari.pool.HikariPool - HikariPool-1 - Fill pool skipped, pool is at sufficient level.
2022-10-10 02:16:32 [DEBUG] com.zaxxer.hikari.pool.HikariPool - HikariPool-1 - Added connection net.sf.log4jdbc.sql.jdbcapi.ConnectionSpy@6ca66e7b
2022-10-10 02:16:38 [DEBUG] com.zaxxer.hikari.pool.HikariPool - HikariPool-1 - Added connection net.sf.log4jdbc.sql.jdbcapi.ConnectionSpy@2d9b6440
2022-10-10 02:16:38 [DEBUG] com.zaxxer.hikari.pool.HikariPool - HikariPool-1 - Added connection net.sf.log4jdbc.sql.jdbcapi.ConnectionSpy@1c7c2db3
2022-10-10 02:16:38 [DEBUG] com.zaxxer.hikari.pool.HikariPool - HikariPool-1 - Added connection net.sf.log4jdbc.sql.jdbcapi.ConnectionSpy@4db49b0f
2022-10-10 02:16:38 [DEBUG] com.zaxxer.hikari.pool.HikariPool - HikariPool-1 - Added connection net.sf.log4jdbc.sql.jdbcapi.ConnectionSpy@41ef21f9
2022-10-10 02:16:38 [DEBUG] com.zaxxer.hikari.pool.HikariPool - HikariPool-1 - Added connection net.sf.log4jdbc.sql.jdbcapi.ConnectionSpy@49faa202
2022-10-10 02:16:38 [DEBUG] com.zaxxer.hikari.pool.HikariPool - HikariPool-1 - Added connection net.sf.log4jdbc.sql.jdbcapi.ConnectionSpy@5192c511
2022-10-10 02:16:38 [DEBUG] com.zaxxer.hikari.pool.HikariPool - HikariPool-1 - Added connection net.sf.log4jdbc.sql.jdbcapi.ConnectionSpy@148d975c
2022-10-10 02:16:38 [DEBUG] com.zaxxer.hikari.pool.HikariPool - HikariPool-1 - Added connection net.sf.log4jdbc.sql.jdbcapi.ConnectionSpy@6c0c25d6
2022-10-10 02:16:38 [DEBUG] com.zaxxer.hikari.pool.HikariPool - HikariPool-1 - Added connection net.sf.log4jdbc.sql.jdbcapi.ConnectionSpy@42192503
2022-10-10 02:17:02 [DEBUG] com.zaxxer.hikari.pool.HikariPool - HikariPool-1 - Pool stats (total=10, active=0, idle=10, waiting=0)
2022-10-10 02:17:02 [DEBUG] com.zaxxer.hikari.pool.HikariPool - HikariPool-1 - Fill pool skipped, pool is at sufficient level.
2022-10-10 05:15:29 [WARN ] com.zaxxer.hikari.pool.HikariPool - HikariPool-1 - Thread starvation or clock leap detected (housekeeper delta=3h13s897ms127µs900ns).
2022-10-10 05:15:29 [DEBUG] com.zaxxer.hikari.pool.HikariPool - HikariPool-1 - Pool stats (total=10, active=0, idle=10, waiting=0)
2022-10-10 05:15:29 [DEBUG] com.zaxxer.hikari.pool.HikariPool - HikariPool-1 - Fill pool skipped, pool is at sufficient level.
2022-10-10 05:15:29 [DEBUG] com.zaxxer.hikari.pool.HikariPool - HikariPool-1 - Add connection elided, waiting 0, queue 1
2022-10-10 05:15:29 [DEBUG] com.zaxxer.hikari.pool.HikariPool - HikariPool-1 - Add connection elided, waiting 0, queue 1
2022-10-10 05:15:29 [DEBUG] com.zaxxer.hikari.pool.HikariPool - HikariPool-1 - Add connection elided, waiting 0, queue 1
2022-10-10 05:15:29 [DEBUG] com.zaxxer.hikari.pool.HikariPool - HikariPool-1 - Add connection elided, waiting 0, queue 1
2022-10-10 05:15:29 [DEBUG] com.zaxxer.hikari.pool.HikariPool - HikariPool-1 - Add connection elided, waiting 0, queue 1
2022-10-10 05:15:29 [DEBUG] com.zaxxer.hikari.pool.HikariPool - HikariPool-1 - Add connection elided, waiting 0, queue 1
2022-10-10 05:15:29 [DEBUG] com.zaxxer.hikari.pool.HikariPool - HikariPool-1 - Add connection elided, waiting 0, queue 1
2022-10-10 05:15:29 [DEBUG] com.zaxxer.hikari.pool.HikariPool - HikariPool-1 - Add connection elided, waiting 0, queue 1
2022-10-10 05:15:29 [DEBUG] com.zaxxer.hikari.pool.PoolBase - HikariPool-1 - Closing connection net.sf.log4jdbc.sql.jdbcapi.ConnectionSpy@148d975c: (connection has passed maxLifetime)
2022-10-10 05:15:29 [DEBUG] com.zaxxer.hikari.pool.PoolBase - HikariPool-1 - Closing connection net.sf.log4jdbc.sql.jdbcapi.ConnectionSpy@49faa202: (connection has passed maxLifetime)
2022-10-10 05:15:29 [DEBUG] com.zaxxer.hikari.pool.HikariPool - HikariPool-1 - Fill pool skipped, pool is at sufficient level.
2022-10-10 05:15:29 [DEBUG] com.zaxxer.hikari.pool.PoolBase - HikariPool-1 - Closing connection net.sf.log4jdbc.sql.jdbcapi.ConnectionSpy@1c7c2db3: (connection has passed maxLifetime)
2022-10-10 05:15:29 [DEBUG] com.zaxxer.hikari.pool.HikariPool - HikariPool-1 - Fill pool skipped, pool is at sufficient level.
2022-10-10 05:15:29 [DEBUG] com.zaxxer.hikari.pool.PoolBase - HikariPool-1 - Closing connection net.sf.log4jdbc.sql.jdbcapi.ConnectionSpy@5192c511: (connection has passed maxLifetime)
2022-10-10 05:15:29 [DEBUG] com.zaxxer.hikari.pool.HikariPool - HikariPool-1 - Fill pool skipped, pool is at sufficient level.
2022-10-10 05:15:29 [DEBUG] com.zaxxer.hikari.pool.PoolBase - HikariPool-1 - Closing connection net.sf.log4jdbc.sql.jdbcapi.ConnectionSpy@6ca66e7b: (connection has passed maxLifetime)
2022-10-10 05:15:29 [DEBUG] com.zaxxer.hikari.pool.HikariPool - HikariPool-1 - Fill pool skipped, pool is at sufficient level.
2022-10-10 05:15:29 [DEBUG] com.zaxxer.hikari.pool.PoolBase - HikariPool-1 - Closing connection net.sf.log4jdbc.sql.jdbcapi.ConnectionSpy@42192503: (connection has passed maxLifetime)
2022-10-10 05:15:29 [DEBUG] com.zaxxer.hikari.pool.HikariPool - HikariPool-1 - Fill pool skipped, pool is at sufficient level.
2022-10-10 05:15:29 [DEBUG] com.zaxxer.hikari.pool.PoolBase - HikariPool-1 - Closing connection net.sf.log4jdbc.sql.jdbcapi.ConnectionSpy@41ef21f9: (connection has passed maxLifetime)
2022-10-10 05:15:29 [DEBUG] com.zaxxer.hikari.pool.HikariPool - HikariPool-1 - Fill pool skipped, pool is at sufficient level.
2022-10-10 05:15:29 [DEBUG] com.zaxxer.hikari.pool.PoolBase - HikariPool-1 - Closing connection net.sf.log4jdbc.sql.jdbcapi.ConnectionSpy@6c0c25d6: (connection has passed maxLifetime)
2022-10-10 05:15:29 [DEBUG] com.zaxxer.hikari.pool.HikariPool - HikariPool-1 - Fill pool skipped, pool is at sufficient level.
2022-10-10 05:15:29 [DEBUG] com.zaxxer.hikari.pool.PoolBase - HikariPool-1 - Closing connection net.sf.log4jdbc.sql.jdbcapi.ConnectionSpy@4db49b0f: (connection has passed maxLifetime)
2022-10-10 05:15:29 [DEBUG] com.zaxxer.hikari.pool.HikariPool - HikariPool-1 - Fill pool skipped, pool is at sufficient level.
2022-10-10 05:15:29 [DEBUG] com.zaxxer.hikari.pool.PoolBase - HikariPool-1 - Closing connection net.sf.log4jdbc.sql.jdbcapi.ConnectionSpy@2d9b6440: (connection has passed maxLifetime)
2022-10-10 05:15:29 [DEBUG] com.zaxxer.hikari.pool.HikariPool - HikariPool-1 - Fill pool skipped, pool is at sufficient level.
2022-10-10 05:15:29 [DEBUG] com.zaxxer.hikari.pool.HikariPool - HikariPool-1 - Added connection net.sf.log4jdbc.sql.jdbcapi.ConnectionSpy@289fce9e
2022-10-10 05:15:29 [DEBUG] com.zaxxer.hikari.pool.HikariPool - HikariPool-1 - Added connection net.sf.log4jdbc.sql.jdbcapi.ConnectionSpy@69a2c4a5
2022-10-10 05:15:29 [DEBUG] com.zaxxer.hikari.pool.HikariPool - HikariPool-1 - Added connection net.sf.log4jdbc.sql.jdbcapi.ConnectionSpy@588168cf
2022-10-10 05:15:29 [DEBUG] com.zaxxer.hikari.pool.HikariPool - HikariPool-1 - Added connection net.sf.log4jdbc.sql.jdbcapi.ConnectionSpy@98d3bea
2022-10-10 05:15:29 [DEBUG] com.zaxxer.hikari.pool.HikariPool - HikariPool-1 - Added connection net.sf.log4jdbc.sql.jdbcapi.ConnectionSpy@312bd487
2022-10-10 05:15:29 [DEBUG] com.zaxxer.hikari.pool.HikariPool - HikariPool-1 - Added connection net.sf.log4jdbc.sql.jdbcapi.ConnectionSpy@dc3c6c6
2022-10-10 05:15:29 [DEBUG] com.zaxxer.hikari.pool.HikariPool - HikariPool-1 - Added connection net.sf.log4jdbc.sql.jdbcapi.ConnectionSpy@787e061e
2022-10-10 05:15:29 [DEBUG] com.zaxxer.hikari.pool.HikariPool - HikariPool-1 - Added connection net.sf.log4jdbc.sql.jdbcapi.ConnectionSpy@99cc52d
2022-10-10 05:15:29 [DEBUG] com.zaxxer.hikari.pool.HikariPool - HikariPool-1 - Added connection net.sf.log4jdbc.sql.jdbcapi.ConnectionSpy@659c140c
2022-10-10 05:15:29 [DEBUG] com.zaxxer.hikari.pool.HikariPool - HikariPool-1 - Added connection net.sf.log4jdbc.sql.jdbcapi.ConnectionSpy@465a1018
